<?xml version="1.0" encoding="UTF-8"?>
<robot generator="Robot 5.0.1 (Python 3.9.13 on win32)" generated="20230828 16:37:58.601" rpa="false" schemaversion="3">
<suite id="s1" name="Valid Login" source="c:\Users\abdullah\Downloads\ricultx-robot-test-poc-main\tests\login\valid_login.robot">
<test id="s1-t1" name="TC_001: Logging in to the RicultX Site in English as Admin Should Show the Main Page" line="19">
<kw name="Given I Open the RicultX Website" library="common">
<arg>${WEBSITE_URL}</arg>
<arg>Chrome</arg>
<kw name="Open Browser">
<arg>${website_url}</arg>
<arg>${browser}</arg>
<msg timestamp="20230828 16:37:58.781" level="FAIL">No keyword with name 'Open Browser' found.</msg>
<status status="FAIL" starttime="20230828 16:37:58.780" endtime="20230828 16:37:58.784"/>
</kw>
<kw name="Maximize Browser Window">
<status status="NOT RUN" starttime="20230828 16:37:58.791" endtime="20230828 16:37:58.792"/>
</kw>
<kw name="Wait Until Page Contains Element">
<arg>${LANGUAGE_SELECT_DROPDOWN}</arg>
<status status="NOT RUN" starttime="20230828 16:37:58.796" endtime="20230828 16:37:58.796"/>
</kw>
<status status="FAIL" starttime="20230828 16:37:58.772" endtime="20230828 16:37:58.797"/>
</kw>
<kw name="When I Select the English Language" library="login">
<status status="NOT RUN" starttime="20230828 16:37:58.799" endtime="20230828 16:37:58.799"/>
</kw>
<kw name="And I Choose to Login by Email" library="login">
<status status="NOT RUN" starttime="20230828 16:37:58.800" endtime="20230828 16:37:58.801"/>
</kw>
<kw name="And I Enter Valid Admin Email" library="login">
<status status="NOT RUN" starttime="20230828 16:37:58.802" endtime="20230828 16:37:58.802"/>
</kw>
<kw name="And I Enter Valid Admin Password" library="login">
<status status="NOT RUN" starttime="20230828 16:37:58.803" endtime="20230828 16:37:58.804"/>
</kw>
<kw name="Then I Should See the Name of the Admin User" library="login">
<status status="NOT RUN" starttime="20230828 16:37:58.806" endtime="20230828 16:37:58.806"/>
</kw>
<status status="FAIL" starttime="20230828 16:37:58.768" endtime="20230828 16:37:58.808">No keyword with name 'Open Browser' found.</status>
</test>
<kw name="Close All Browsers" type="TEARDOWN">
<msg timestamp="20230828 16:37:58.814" level="FAIL">No keyword with name 'Close All Browsers' found.</msg>
<status status="FAIL" starttime="20230828 16:37:58.814" endtime="20230828 16:37:58.815">No keyword with name 'Close All Browsers' found.</status>
</kw>
<doc>Test all the ways that the user can log in to RicultX:
1. With either English, Thai, or Urdu language.
2. With email and password.
3. With phone number and OTP</doc>
<status status="FAIL" starttime="20230828 16:37:58.608" endtime="20230828 16:37:58.815">Suite teardown failed:
No keyword with name 'Close All Browsers' found.</status>
</suite>
<statistics>
<total>
<stat pass="0" fail="1" skip="0">All Tests</stat>
</total>
<tag>
</tag>
<suite>
<stat pass="0" fail="1" skip="0" id="s1" name="Valid Login">Valid Login</stat>
</suite>
</statistics>
<errors>
<msg timestamp="20230828 16:37:58.654" level="ERROR">Error in file 'c:\Users\abdullah\Downloads\ricultx-robot-test-poc-main\tests\login\valid_login.robot' on line 7: Importing library 'SeleniumLibrary' failed: ModuleNotFoundError: No module named 'SeleniumLibrary'
Traceback (most recent call last):
  None
PYTHONPATH:
  c:\Users\abdullah\.vscode\extensions\robocorp.robotframework-lsp-1.11.0\src\robotframework_debug_adapter
  C:\Users\abdullah\Downloads\ricultx-robot-test-poc-main
  c:\Users\abdullah\.vscode\extensions\robocorp.robotframework-lsp-1.11.0\src
  c:\Users\abdullah\.vscode\extensions\robocorp.robotframework-lsp-1.11.0\src\robotframework_ls\vendored
  c:\ProgramData\robocorp\ht\54b3272_b1f3c24_8a19a20c\python39.zip
  c:\ProgramData\robocorp\ht\54b3272_b1f3c24_8a19a20c\DLLs
  c:\ProgramData\robocorp\ht\54b3272_b1f3c24_8a19a20c\lib
  c:\ProgramData\robocorp\ht\54b3272_b1f3c24_8a19a20c
  c:\ProgramData\robocorp\ht
  c:\ProgramData\robocorp\ht\54b3272_b1f3c24_8a19a20c\lib\site-packages
  c:\ProgramData\robocorp\ht\54b3272_b1f3c24_8a19a20c\lib\site-packages\win32
  c:\ProgramData\robocorp\ht\54b3272_b1f3c24_8a19a20c\lib\site-packages\win32\lib
  c:\ProgramData\robocorp\ht\54b3272_b1f3c24_8a19a20c\lib\site-packages\Pythonwin</msg>
<msg timestamp="20230828 16:37:58.670" level="ERROR">Error in file 'c:\Users\abdullah\Downloads\ricultx-robot-test-poc-main\resources\common.resource' on line 4: Importing library 'SeleniumLibrary' failed: ModuleNotFoundError: No module named 'SeleniumLibrary'
Traceback (most recent call last):
  None
PYTHONPATH:
  c:\Users\abdullah\.vscode\extensions\robocorp.robotframework-lsp-1.11.0\src\robotframework_debug_adapter
  C:\Users\abdullah\Downloads\ricultx-robot-test-poc-main
  c:\Users\abdullah\.vscode\extensions\robocorp.robotframework-lsp-1.11.0\src
  c:\Users\abdullah\.vscode\extensions\robocorp.robotframework-lsp-1.11.0\src\robotframework_ls\vendored
  c:\ProgramData\robocorp\ht\54b3272_b1f3c24_8a19a20c\python39.zip
  c:\ProgramData\robocorp\ht\54b3272_b1f3c24_8a19a20c\DLLs
  c:\ProgramData\robocorp\ht\54b3272_b1f3c24_8a19a20c\lib
  c:\ProgramData\robocorp\ht\54b3272_b1f3c24_8a19a20c
  c:\ProgramData\robocorp\ht
  c:\ProgramData\robocorp\ht\54b3272_b1f3c24_8a19a20c\lib\site-packages
  c:\ProgramData\robocorp\ht\54b3272_b1f3c24_8a19a20c\lib\site-packages\win32
  c:\ProgramData\robocorp\ht\54b3272_b1f3c24_8a19a20c\lib\site-packages\win32\lib
  c:\ProgramData\robocorp\ht\54b3272_b1f3c24_8a19a20c\lib\site-packages\Pythonwin</msg>
<msg timestamp="20230828 16:37:58.726" level="ERROR">Error in file 'c:\Users\abdullah\Downloads\ricultx-robot-test-poc-main\resources\keywords\login.resource' on line 4: Importing library 'SeleniumLibrary' failed: ModuleNotFoundError: No module named 'SeleniumLibrary'
Traceback (most recent call last):
  None
PYTHONPATH:
  c:\Users\abdullah\.vscode\extensions\robocorp.robotframework-lsp-1.11.0\src\robotframework_debug_adapter
  C:\Users\abdullah\Downloads\ricultx-robot-test-poc-main
  c:\Users\abdullah\.vscode\extensions\robocorp.robotframework-lsp-1.11.0\src
  c:\Users\abdullah\.vscode\extensions\robocorp.robotframework-lsp-1.11.0\src\robotframework_ls\vendored
  c:\ProgramData\robocorp\ht\54b3272_b1f3c24_8a19a20c\python39.zip
  c:\ProgramData\robocorp\ht\54b3272_b1f3c24_8a19a20c\DLLs
  c:\ProgramData\robocorp\ht\54b3272_b1f3c24_8a19a20c\lib
  c:\ProgramData\robocorp\ht\54b3272_b1f3c24_8a19a20c
  c:\ProgramData\robocorp\ht
  c:\ProgramData\robocorp\ht\54b3272_b1f3c24_8a19a20c\lib\site-packages
  c:\ProgramData\robocorp\ht\54b3272_b1f3c24_8a19a20c\lib\site-packages\win32
  c:\ProgramData\robocorp\ht\54b3272_b1f3c24_8a19a20c\lib\site-packages\win32\lib
  c:\ProgramData\robocorp\ht\54b3272_b1f3c24_8a19a20c\lib\site-packages\Pythonwin</msg>
<msg timestamp="20230828 16:37:58.754" level="ERROR">Error in file 'c:\Users\abdullah\Downloads\ricultx-robot-test-poc-main\resources\locators\farmers.resource' on line 4: Importing library 'SeleniumLibrary' failed: ModuleNotFoundError: No module named 'SeleniumLibrary'
Traceback (most recent call last):
  None
PYTHONPATH:
  c:\Users\abdullah\.vscode\extensions\robocorp.robotframework-lsp-1.11.0\src\robotframework_debug_adapter
  C:\Users\abdullah\Downloads\ricultx-robot-test-poc-main
  c:\Users\abdullah\.vscode\extensions\robocorp.robotframework-lsp-1.11.0\src
  c:\Users\abdullah\.vscode\extensions\robocorp.robotframework-lsp-1.11.0\src\robotframework_ls\vendored
  c:\ProgramData\robocorp\ht\54b3272_b1f3c24_8a19a20c\python39.zip
  c:\ProgramData\robocorp\ht\54b3272_b1f3c24_8a19a20c\DLLs
  c:\ProgramData\robocorp\ht\54b3272_b1f3c24_8a19a20c\lib
  c:\ProgramData\robocorp\ht\54b3272_b1f3c24_8a19a20c
  c:\ProgramData\robocorp\ht
  c:\ProgramData\robocorp\ht\54b3272_b1f3c24_8a19a20c\lib\site-packages
  c:\ProgramData\robocorp\ht\54b3272_b1f3c24_8a19a20c\lib\site-packages\win32
  c:\ProgramData\robocorp\ht\54b3272_b1f3c24_8a19a20c\lib\site-packages\win32\lib
  c:\ProgramData\robocorp\ht\54b3272_b1f3c24_8a19a20c\lib\site-packages\Pythonwin</msg>
</errors>
</robot>
