<?xml version="1.0" encoding="UTF-8"?>
<robot generator="Robot 6.1.1 (Python 3.11.4 on win32)" generated="20230915 16:14:00.987" rpa="false" schemaversion="4">
<suite id="s1" name="Fields" source="C:\Users\abdullah\Downloads\ricultx-robot-test-poc-main\tests\fields\fields.robot">
<test id="s1-t1" name="TC_001: Logging in to the RicultX Site in English as Admin Should Show the Main Page" line="16">
<kw name="Given I Open the RicultX Website" library="common">
<arg>${WEBSITE_URL}</arg>
<arg>Chrome</arg>
<kw name="Open Browser" library="SeleniumLibrary">
<arg>${website_url}</arg>
<arg>${browser}</arg>
<doc>Opens a new browser instance to the optional ``url``.</doc>
<msg timestamp="20230915 16:14:01.206" level="INFO">Opening browser 'Chrome' to base url 'https://ricult-qa1.firebaseapp.com'.</msg>
<status status="PASS" starttime="20230915 16:14:01.206" endtime="20230915 16:14:06.151"/>
</kw>
<kw name="Maximize Browser Window" library="SeleniumLibrary">
<doc>Maximizes current browser window.</doc>
<status status="PASS" starttime="20230915 16:14:06.151" endtime="20230915 16:14:06.266"/>
</kw>
<kw name="Wait Until Page Contains Element" library="SeleniumLibrary">
<arg>${LANGUAGE_SELECT_DROPDOWN}</arg>
<doc>Waits until the element ``locator`` appears on the current page.</doc>
<status status="PASS" starttime="20230915 16:14:06.266" endtime="20230915 16:14:06.944"/>
</kw>
<status status="PASS" starttime="20230915 16:14:01.206" endtime="20230915 16:14:06.945"/>
</kw>
<kw name="When I Select the English Language" library="login">
<kw name="Click Element" library="SeleniumLibrary">
<arg>${LANGUAGE_SELECT_DROPDOWN}</arg>
<doc>Click the element identified by ``locator``.</doc>
<msg timestamp="20230915 16:14:06.947" level="INFO">Clicking element 'xpath://body/div[@id='root']/div[1]/div[1]/div[1]/div[2]/div[1]/div[3]/div[2]/div[1]/div[1]'.</msg>
<status status="PASS" starttime="20230915 16:14:06.946" endtime="20230915 16:14:07.022"/>
</kw>
<kw name="Click Element" library="SeleniumLibrary">
<arg>${LANGUAGE_SELECT_ENGLISH}</arg>
<doc>Click the element identified by ``locator``.</doc>
<msg timestamp="20230915 16:14:07.023" level="INFO">Clicking element 'xpath://div[contains(text(),'English')]'.</msg>
<status status="PASS" starttime="20230915 16:14:07.022" endtime="20230915 16:14:08.139"/>
</kw>
<kw name="Click Element" library="SeleniumLibrary">
<arg>${LANGUAGE_SELECT_NEXT}</arg>
<doc>Click the element identified by ``locator``.</doc>
<msg timestamp="20230915 16:14:08.140" level="INFO">Clicking element 'xpath://body/div[@id='root']/div[1]/div[1]/div[1]/div[2]/div[1]/div[3]/div[3]/div[1]'.</msg>
<status status="PASS" starttime="20230915 16:14:08.139" endtime="20230915 16:14:08.206"/>
</kw>
<status status="PASS" starttime="20230915 16:14:06.945" endtime="20230915 16:14:08.206"/>
</kw>
<kw name="And I Choose to Login by Email" library="login">
<kw name="Wait Until Page Contains Element" library="SeleniumLibrary">
<arg>${LOGIN_OPTIONS_MAIN}</arg>
<doc>Waits until the element ``locator`` appears on the current page.</doc>
<status status="PASS" starttime="20230915 16:14:08.207" endtime="20230915 16:14:08.225"/>
</kw>
<kw name="Click Element" library="SeleniumLibrary">
<arg>${LOGIN_SELECT_EMAIL_OPTION}</arg>
<doc>Click the element identified by ``locator``.</doc>
<msg timestamp="20230915 16:14:08.226" level="INFO">Clicking element 'xpath://body/div[@id='root']/div[1]/div[1]/div[1]/div[2]/div[1]/div[3]/div[2]'.</msg>
<status status="PASS" starttime="20230915 16:14:08.225" endtime="20230915 16:14:08.296"/>
</kw>
<status status="PASS" starttime="20230915 16:14:08.207" endtime="20230915 16:14:08.296"/>
</kw>
<kw name="And I Enter Valid Admin Email" library="login">
<kw name="Wait Until Element Contains" library="SeleniumLibrary">
<arg>${EMAIL_LOGIN_USERNAME_INPUT_LABEL}</arg>
<arg>Email</arg>
<doc>Waits until the element ``locator`` contains ``text``.</doc>
<status status="PASS" starttime="20230915 16:14:08.300" endtime="20230915 16:14:08.324"/>
</kw>
<kw name="Click Element" library="SeleniumLibrary">
<arg>${EMAIL_LOGIN_USERNAME_TEXT_FIELD}</arg>
<doc>Click the element identified by ``locator``.</doc>
<msg timestamp="20230915 16:14:08.324" level="INFO">Clicking element 'xpath:/html/body/div[1]/div/div/div[1]/div[2]/div[1]/div[3]/div[1]/div[2]'.</msg>
<status status="PASS" starttime="20230915 16:14:08.324" endtime="20230915 16:14:08.367"/>
</kw>
<kw name="Press Keys" library="SeleniumLibrary">
<arg>${EMAIL_LOGIN_USERNAME_INPUT}</arg>
<arg>${VALID_EMAIL_LOGIN_USERNAME}</arg>
<doc>Simulates the user pressing key(s) to an element or on the active browser.</doc>
<msg timestamp="20230915 16:14:08.367" level="INFO">Sending key(s) ('abdullah.amir@ricult.com',) to xpath://input[@id="username"] element.</msg>
<msg timestamp="20230915 16:14:08.670" level="INFO">Sending keys abdullah.amir@ricult.com</msg>
<status status="PASS" starttime="20230915 16:14:08.367" endtime="20230915 16:14:08.817"/>
</kw>
<kw name="Wait Until Element Is Enabled" library="SeleniumLibrary">
<arg>${EMAIL_LOGIN_USERNAME_CONTINUE}</arg>
<doc>Waits until the element ``locator`` is enabled.</doc>
<status status="PASS" starttime="20230915 16:14:08.818" endtime="20230915 16:14:08.855"/>
</kw>
<kw name="Click Element" library="SeleniumLibrary">
<arg>${EMAIL_LOGIN_USERNAME_CONTINUE}</arg>
<doc>Click the element identified by ``locator``.</doc>
<msg timestamp="20230915 16:14:08.856" level="INFO">Clicking element 'xpath:/html/body/div[1]/div/div/div[1]/div[2]/div[1]/div[3]/div[2]'.</msg>
<status status="PASS" starttime="20230915 16:14:08.855" endtime="20230915 16:14:08.904"/>
</kw>
<status status="PASS" starttime="20230915 16:14:08.299" endtime="20230915 16:14:08.904"/>
</kw>
<kw name="And I Enter Valid Admin Password" library="login">
<kw name="Wait Until Element Contains" library="SeleniumLibrary">
<arg>${EMAIL_LOGIN_PASSWORD_INPUT_LABEL}</arg>
<arg>Password</arg>
<doc>Waits until the element ``locator`` contains ``text``.</doc>
<status status="PASS" starttime="20230915 16:14:08.905" endtime="20230915 16:14:10.514"/>
</kw>
<kw name="Click Element" library="SeleniumLibrary">
<arg>${EMAIL_LOGIN_PASSWORD_TEXT_FIELD}</arg>
<doc>Click the element identified by ``locator``.</doc>
<msg timestamp="20230915 16:14:10.515" level="INFO">Clicking element 'xpath:/html/body/div[1]/div/div/div[1]/div[2]/div/div[3]/div[1]/div[2]'.</msg>
<status status="PASS" starttime="20230915 16:14:10.515" endtime="20230915 16:14:10.557"/>
</kw>
<kw name="Press Keys" library="SeleniumLibrary">
<arg>${EMAIL_LOGIN_PASSWORD_INPUT}</arg>
<arg>${VALID_EMAIL_LOGIN_PASSWORD}</arg>
<doc>Simulates the user pressing key(s) to an element or on the active browser.</doc>
<msg timestamp="20230915 16:14:10.558" level="INFO">Sending key(s) ('Hello@12345',) to xpath:/html/body/div[1]/div/div/div[1]/div[2]/div/div[3]/div[1]/div[2]/input element.</msg>
<msg timestamp="20230915 16:14:10.840" level="INFO">Sending keys Hello@12345</msg>
<status status="PASS" starttime="20230915 16:14:10.557" endtime="20230915 16:14:10.944"/>
</kw>
<kw name="Wait Until Element Is Enabled" library="SeleniumLibrary">
<arg>${EMAIL_LOGIN_PASSWORD_CONTINUE}</arg>
<doc>Waits until the element ``locator`` is enabled.</doc>
<status status="PASS" starttime="20230915 16:14:10.944" endtime="20230915 16:14:10.982"/>
</kw>
<kw name="Click Element" library="SeleniumLibrary">
<arg>${EMAIL_LOGIN_PASSWORD_CONTINUE}</arg>
<doc>Click the element identified by ``locator``.</doc>
<msg timestamp="20230915 16:14:10.983" level="INFO">Clicking element 'xpath:/html/body/div[1]/div/div/div[1]/div[2]/div/div[3]/div[2]'.</msg>
<status status="PASS" starttime="20230915 16:14:10.982" endtime="20230915 16:14:11.028"/>
</kw>
<status status="PASS" starttime="20230915 16:14:08.905" endtime="20230915 16:14:11.028"/>
</kw>
<kw name="Then I Should See the Name of the Admin User" library="login">
<kw name="Wait Until Keyword Succeeds" library="BuiltIn">
<arg>8 sec</arg>
<arg>2 sec</arg>
<arg>Correct Admin User Name and Role is Shown</arg>
<doc>Runs the specified keyword and retries if it fails.</doc>
<kw name="Correct Admin User Name and Role is Shown" library="login">
<kw name="Element Text Should Be" library="SeleniumLibrary">
<arg>${NAV_USER_FULL_NAME}</arg>
<arg>${ADMIN_FULL_NAME}</arg>
<doc>Verifies that element ``locator`` contains exact the text ``expected``.</doc>
<msg timestamp="20230915 16:14:11.030" level="INFO">Verifying element 'xpath:/html/body/div[1]/div/div/div[2]/div[1]/div/div[2]/div/div[1]/div[2]/div[1]' contains exact text 'Abdullah QA'.</msg>
<msg timestamp="20230915 16:14:11.558" level="INFO" html="true">&lt;/td&gt;&lt;/tr&gt;&lt;tr&gt;&lt;td colspan="3"&gt;&lt;a href="selenium-screenshot-1.png"&gt;&lt;img src="selenium-screenshot-1.png" width="800px"&gt;&lt;/a&gt;</msg>
<msg timestamp="20230915 16:14:11.558" level="FAIL">Element with locator 'xpath:/html/body/div[1]/div/div/div[2]/div[1]/div/div[2]/div/div[1]/div[2]/div[1]' not found.</msg>
<status status="FAIL" starttime="20230915 16:14:11.029" endtime="20230915 16:14:11.560"/>
</kw>
<kw name="Element Text Should Be" library="SeleniumLibrary">
<arg>${NAV_USER_ROLE}</arg>
<arg>${ADMIN_ROLE}</arg>
<doc>Verifies that element ``locator`` contains exact the text ``expected``.</doc>
<status status="NOT RUN" starttime="20230915 16:14:11.561" endtime="20230915 16:14:11.561"/>
</kw>
<status status="FAIL" starttime="20230915 16:14:11.029" endtime="20230915 16:14:11.561"/>
</kw>
<kw name="Correct Admin User Name and Role is Shown" library="login">
<kw name="Element Text Should Be" library="SeleniumLibrary">
<arg>${NAV_USER_FULL_NAME}</arg>
<arg>${ADMIN_FULL_NAME}</arg>
<doc>Verifies that element ``locator`` contains exact the text ``expected``.</doc>
<msg timestamp="20230915 16:14:13.564" level="INFO">Verifying element 'xpath:/html/body/div[1]/div/div/div[2]/div[1]/div/div[2]/div/div[1]/div[2]/div[1]' contains exact text 'Abdullah QA'.</msg>
<status status="PASS" starttime="20230915 16:14:13.562" endtime="20230915 16:14:13.589"/>
</kw>
<kw name="Element Text Should Be" library="SeleniumLibrary">
<arg>${NAV_USER_ROLE}</arg>
<arg>${ADMIN_ROLE}</arg>
<doc>Verifies that element ``locator`` contains exact the text ``expected``.</doc>
<msg timestamp="20230915 16:14:13.590" level="INFO">Verifying element 'xpath:/html/body/div[1]/div/div/div[2]/div[1]/div/div[2]/div/div[1]/div[2]/div[2]' contains exact text 'Main Admin'.</msg>
<status status="PASS" starttime="20230915 16:14:13.589" endtime="20230915 16:14:13.609"/>
</kw>
<status status="PASS" starttime="20230915 16:14:13.562" endtime="20230915 16:14:13.609"/>
</kw>
<status status="PASS" starttime="20230915 16:14:11.029" endtime="20230915 16:14:13.609"/>
</kw>
<status status="PASS" starttime="20230915 16:14:11.029" endtime="20230915 16:14:13.609"/>
</kw>
<status status="PASS" starttime="20230915 16:14:01.205" endtime="20230915 16:14:13.610"/>
</test>
<test id="s1-t2" name="TC_002: Adding a Fields" line="25">
<kw name="Given I Open the Fields Page Screen" library="fields">
<kw name="Click Element" library="SeleniumLibrary">
<arg>${Side_Bar}</arg>
<doc>Click the element identified by ``locator``.</doc>
<msg timestamp="20230915 16:14:13.611" level="INFO">Clicking element 'xpath:/html/body/div[1]/div/div/div[2]/div[2]/div/div/div[1]/div[3]/div/div'.</msg>
<status status="PASS" starttime="20230915 16:14:13.611" endtime="20230915 16:14:13.675"/>
</kw>
<status status="PASS" starttime="20230915 16:14:13.611" endtime="20230915 16:14:13.675"/>
</kw>
<kw name="And I Open the Fields Screen" library="fields">
<kw name="Click Element" library="SeleniumLibrary">
<arg>${Open_Fields_Screen}</arg>
<doc>Click the element identified by ``locator``.</doc>
<msg timestamp="20230915 16:14:13.676" level="INFO">Clicking element 'xpath:/html/body/div[1]/div/div/div[2]/div[2]/div/div/div[2]/div[5]/div'.</msg>
<status status="PASS" starttime="20230915 16:14:13.675" endtime="20230915 16:14:13.897"/>
</kw>
<status status="PASS" starttime="20230915 16:14:13.675" endtime="20230915 16:14:13.897"/>
</kw>
<kw name="When I Click on Add a Field button" library="fields">
<kw name="Wait Until Element Contains" library="SeleniumLibrary">
<arg>${Add_Field_Button_Path}</arg>
<arg>Add a Field</arg>
<doc>Waits until the element ``locator`` contains ``text``.</doc>
<status status="PASS" starttime="20230915 16:14:13.898" endtime="20230915 16:14:15.692"/>
</kw>
<kw name="Click Element" library="SeleniumLibrary">
<arg>${Add_Field_Button}</arg>
<doc>Click the element identified by ``locator``.</doc>
<msg timestamp="20230915 16:14:15.692" level="INFO">Clicking element 'xpath:/html/body/div[1]/div/div/div[1]/div/div[1]/div'.</msg>
<status status="PASS" starttime="20230915 16:14:15.692" endtime="20230915 16:14:15.865"/>
</kw>
<status status="PASS" starttime="20230915 16:14:13.898" endtime="20230915 16:14:15.865"/>
</kw>
<kw name="And I Click on Draw" library="fields">
<kw name="Click Element" library="SeleniumLibrary">
<arg>${Draw_a_Field}</arg>
<doc>Click the element identified by ``locator``.</doc>
<msg timestamp="20230915 16:14:15.867" level="INFO">Clicking element 'xpath:/html/body/div[1]/div/div/div[1]/div/div[2]/div[4]/div/div[4]'.</msg>
<status status="PASS" starttime="20230915 16:14:15.866" endtime="20230915 16:14:16.027"/>
</kw>
<kw name="Click Element" library="SeleniumLibrary">
<arg>${Add_Draw_Point}</arg>
<doc>Click the element identified by ``locator``.</doc>
<msg timestamp="20230915 16:14:16.028" level="INFO">Clicking element 'xpath://div[contains(text(),'Add a point')]'.</msg>
<status status="PASS" starttime="20230915 16:14:16.027" endtime="20230915 16:14:16.948"/>
</kw>
<status status="PASS" starttime="20230915 16:14:15.865" endtime="20230915 16:14:16.948"/>
</kw>
<kw name="And I Automate the Map">
<msg timestamp="20230915 16:14:16.957" level="FAIL">No keyword with name 'And I Automate the Map' found.</msg>
<status status="FAIL" starttime="20230915 16:14:16.957" endtime="20230915 16:14:16.957"/>
</kw>
<kw name="And I Select a Farmer" library="fields">
<status status="NOT RUN" starttime="20230915 16:14:16.958" endtime="20230915 16:14:16.958"/>
</kw>
<kw name="And I Enter the Village" library="fields">
<status status="NOT RUN" starttime="20230915 16:14:16.958" endtime="20230915 16:14:16.958"/>
</kw>
<kw name="And I Click on the Submit button" library="fields">
<status status="NOT RUN" starttime="20230915 16:14:16.958" endtime="20230915 16:14:16.959"/>
</kw>
<status status="FAIL" starttime="20230915 16:14:13.610" endtime="20230915 16:14:16.959">No keyword with name 'And I Automate the Map' found.</status>
</test>
<kw name="Close All Browsers" library="SeleniumLibrary" type="TEARDOWN">
<doc>Closes all open browsers and resets the browser cache.</doc>
<status status="PASS" starttime="20230915 16:14:16.960" endtime="20230915 16:14:23.408"/>
</kw>
<doc>User can Add the fields</doc>
<status status="FAIL" starttime="20230915 16:14:00.988" endtime="20230915 16:14:23.408"/>
</suite>
<statistics>
<total>
<stat pass="1" fail="1" skip="0">All Tests</stat>
</total>
<tag>
</tag>
<suite>
<stat pass="1" fail="1" skip="0" id="s1" name="Fields">Fields</stat>
</suite>
</statistics>
<errors>
<msg timestamp="20230915 16:14:01.182" level="ERROR">Error in file 'C:\Users\abdullah\Downloads\ricultx-robot-test-poc-main\tests\fields\fields.robot' on line 5: Importing library 'C:\Users\abdullah\AppData\Local\Programs\Python\Python311\lib\Map.py' failed: ModuleNotFoundError: No module named 'Map'
Traceback (most recent call last):
  None
PYTHONPATH:
  C:\Users\abdullah\AppData\Local\Programs\Python\Python311\lib
  C:\Users\abdullah\Downloads\ricultx-robot-test-poc-main\venv\Scripts\robot.exe
  C:\Users\abdullah\AppData\Local\Programs\Python\Python311\python311.zip
  C:\Users\abdullah\AppData\Local\Programs\Python\Python311\DLLs
  C:\Users\abdullah\AppData\Local\Programs\Python\Python311\Lib
  C:\Users\abdullah\AppData\Local\Programs\Python\Python311
  C:\Users\abdullah\Downloads\ricultx-robot-test-poc-main\venv
  C:\Users\abdullah\Downloads\ricultx-robot-test-poc-main\venv\Lib\site-packages</msg>
<msg timestamp="20230915 16:14:01.201" level="ERROR">Error in file 'C:\Users\abdullah\Downloads\ricultx-robot-test-poc-main\resources\locators\fields.resource' on line 5: Importing library 'C:\Users\abdullah\AppData\Local\Programs\Python\Python311\lib\Map.py' failed: ModuleNotFoundError: No module named 'Map'
Traceback (most recent call last):
  None
PYTHONPATH:
  C:\Users\abdullah\AppData\Local\Programs\Python\Python311\lib
  C:\Users\abdullah\Downloads\ricultx-robot-test-poc-main\venv\Scripts\robot.exe
  C:\Users\abdullah\AppData\Local\Programs\Python\Python311\python311.zip
  C:\Users\abdullah\AppData\Local\Programs\Python\Python311\DLLs
  C:\Users\abdullah\AppData\Local\Programs\Python\Python311\Lib
  C:\Users\abdullah\AppData\Local\Programs\Python\Python311
  C:\Users\abdullah\Downloads\ricultx-robot-test-poc-main\venv
  C:\Users\abdullah\Downloads\ricultx-robot-test-poc-main\venv\Lib\site-packages</msg>
</errors>
</robot>
